[08-Jun-2016 09:51:12 America/New_York] Uncaught PHP Exception InvalidArgumentException: "$string ("") must be a string." at /home/sdsdev/public_html/PTN8/core/lib/Drupal/Core/StringTranslation/TranslatableMarkup.php line 140
[08-Jun-2016 09:59:44 America/New_York] Uncaught PHP Exception InvalidArgumentException: "$string ("") must be a string." at /home/sdsdev/public_html/PTN8/core/lib/Drupal/Core/StringTranslation/TranslatableMarkup.php line 140
[08-Jun-2016 10:04:16 America/New_York] Uncaught PHP Exception InvalidArgumentException: "$string ("") must be a string." at /home/sdsdev/public_html/PTN8/core/lib/Drupal/Core/StringTranslation/TranslatableMarkup.php line 140
[08-Jun-2016 10:07:04 America/New_York] Uncaught PHP Exception InvalidArgumentException: "$string ("") must be a string." at /home/sdsdev/public_html/PTN8/core/lib/Drupal/Core/StringTranslation/TranslatableMarkup.php line 140
[08-Jun-2016 10:07:56 America/New_York] Uncaught PHP Exception InvalidArgumentException: "$string ("") must be a string." at /home/sdsdev/public_html/PTN8/core/lib/Drupal/Core/StringTranslation/TranslatableMarkup.php line 140
[08-Jun-2016 10:09:09 America/New_York] Recoverable fatal error: Argument 1 passed to Drupal\Core\ProxyClass\Render\BareHtmlPageRenderer::renderBarePage() must be of the type array, boolean given, called in /home/sdsdev/public_html/PTN8/core/modules/system/src/Controller/DbUpdateController.php on line 196 and defined in /home/sdsdev/public_html/PTN8/core/lib/Drupal/Core/ProxyClass/Render/BareHtmlPageRenderer.php on line 73
[08-Jun-2016 10:09:21 America/New_York] Recoverable fatal error: Argument 1 passed to Drupal\Core\ProxyClass\Render\BareHtmlPageRenderer::renderBarePage() must be of the type array, boolean given, called in /home/sdsdev/public_html/PTN8/core/modules/system/src/Controller/DbUpdateController.php on line 196 and defined in /home/sdsdev/public_html/PTN8/core/lib/Drupal/Core/ProxyClass/Render/BareHtmlPageRenderer.php on line 73
[08-Jun-2016 10:10:04 America/New_York] Uncaught PHP Exception InvalidArgumentException: "$string ("") must be a string." at /home/sdsdev/public_html/PTN8/core/lib/Drupal/Core/StringTranslation/TranslatableMarkup.php line 140
[08-Jun-2016 10:19:32 America/New_York] Uncaught PHP Exception InvalidArgumentException: "$string ("") must be a string." at /home/sdsdev/public_html/PTN8/core/lib/Drupal/Core/StringTranslation/TranslatableMarkup.php line 140
[08-Jun-2016 10:23:14 America/New_York] Uncaught PHP Exception InvalidArgumentException: "$string ("") must be a string." at /home/sdsdev/public_html/PTN8/core/lib/Drupal/Core/StringTranslation/TranslatableMarkup.php line 140
[08-Jun-2016 11:38:02 America/New_York] Uncaught PHP Exception InvalidArgumentException: "Field field_field_alert_type is unknown." at /home/sdsdev/public_html/PTN8/core/lib/Drupal/Core/Entity/ContentEntityBase.php line 471
[08-Jun-2016 17:37:36 America/Chicago] PHP Fatal error:  Class 'Symfony\Component\Finder\Finder' not found in /home/sdsdev/public_html/PTN8/modules/drupalmoduleupgrader/src/Target.php on line 79
[08-Jun-2016 17:40:06 America/Chicago] PHP Fatal error:  Class 'Symfony\Component\Finder\Finder' not found in /home/sdsdev/public_html/PTN8/modules/drupalmoduleupgrader/src/Target.php on line 79
[09-Jun-2016 02:45:06 America/New_York] PHP Fatal error:  Undefined constant 'Drupal\ptn_doors\Controller' in /home/sdsdev/public_html/PTN8/modules/ptn_doors/ptn_doors.module on line 7
[09-Jun-2016 01:49:39 America/Chicago] PHP Fatal error:  Undefined constant 'Drupal\ptn_doors\Controller' in /home/sdsdev/public_html/PTN8/modules/ptn_doors/ptn_doors.module on line 7
[09-Jun-2016 01:49:39 America/Chicago] PHP Fatal error:  Undefined constant 'Drupal\ptn_doors\Controller' in /home/sdsdev/public_html/PTN8/modules/ptn_doors/ptn_doors.module on line 7
[09-Jun-2016 01:49:44 America/Chicago] PHP Fatal error:  Undefined constant 'Drupal\ptn_doors\Controller' in /home/sdsdev/public_html/PTN8/modules/ptn_doors/ptn_doors.module on line 7
[09-Jun-2016 01:49:45 America/Chicago] PHP Fatal error:  Undefined constant 'Drupal\ptn_doors\Controller' in /home/sdsdev/public_html/PTN8/modules/ptn_doors/ptn_doors.module on line 7
[09-Jun-2016 01:51:39 America/Chicago] PHP Fatal error:  Undefined constant 'Drupal\ptn_doors\Controller' in /home/sdsdev/public_html/PTN8/modules/ptn_doors/ptn_doors.module on line 7
[09-Jun-2016 01:51:41 America/Chicago] PHP Fatal error:  Undefined constant 'Drupal\ptn_doors\Controller' in /home/sdsdev/public_html/PTN8/modules/ptn_doors/ptn_doors.module on line 7
[09-Jun-2016 01:51:42 America/Chicago] PHP Fatal error:  Undefined constant 'Drupal\ptn_doors\Controller' in /home/sdsdev/public_html/PTN8/modules/ptn_doors/ptn_doors.module on line 7
[09-Jun-2016 01:51:44 America/Chicago] PHP Fatal error:  Undefined constant 'Drupal\ptn_doors\Controller' in /home/sdsdev/public_html/PTN8/modules/ptn_doors/ptn_doors.module on line 7
[09-Jun-2016 01:51:45 America/Chicago] PHP Fatal error:  Undefined constant 'Drupal\ptn_doors\Controller' in /home/sdsdev/public_html/PTN8/modules/ptn_doors/ptn_doors.module on line 7
[09-Jun-2016 01:51:45 America/Chicago] PHP Fatal error:  Undefined constant 'Drupal\ptn_doors\Controller' in /home/sdsdev/public_html/PTN8/modules/ptn_doors/ptn_doors.module on line 7
[09-Jun-2016 01:52:34 America/Chicago] PHP Fatal error:  Undefined constant 'Drupal\ptn_doors\Controller' in /home/sdsdev/public_html/PTN8/modules/ptn_doors/ptn_doors.module on line 7
[09-Jun-2016 02:54:12 America/New_York] Uncaught PHP Exception Drupal\Component\Serialization\Exception\InvalidDataTypeException: "Unexpected characters near "Building and Door Request Form''" at line 5 (near "_title: ''Building and Door Request Form''")." at /home/sdsdev/public_html/PTN8/core/lib/Drupal/Component/Serialization/Yaml.php line 39
[09-Jun-2016 02:55:30 America/New_York] PHP Fatal error:  Undefined constant 'Drupal\ptn_doors\Form' in /home/sdsdev/public_html/PTN8/modules/ptn_doors/src/Form/DoorRequestForm.php on line 2
[09-Jun-2016 02:56:15 America/New_York] PHP Fatal error:  Undefined constant 'Drupal\ptn_doors\Form' in /home/sdsdev/public_html/PTN8/modules/ptn_doors/src/Form/DoorRequestForm.php on line 2
[09-Jun-2016 02:57:04 America/New_York] Uncaught PHP Exception Drupal\Core\Database\DatabaseExceptionWrapper: "SQLSTATE[42S02]: Base table or view not found: 1146 Table 'sdsdev_PTN8.ptn_buildings' doesn't exist: SELECT * FROM ptn_buildings ORDER BY building_name ASC; Array
(
)
" at /home/sdsdev/public_html/PTN8/core/lib/Drupal/Core/Database/Connection.php line 671
[09-Jun-2016 02:57:05 America/New_York] Uncaught PHP Exception Drupal\Core\Database\DatabaseExceptionWrapper: "SQLSTATE[42S02]: Base table or view not found: 1146 Table 'sdsdev_PTN8.ptn_buildings' doesn't exist: SELECT * FROM ptn_buildings ORDER BY building_name ASC; Array
(
)
" at /home/sdsdev/public_html/PTN8/core/lib/Drupal/Core/Database/Connection.php line 671
[09-Jun-2016 03:07:03 America/New_York] PHP Fatal error:  Cannot use object of type Drupal\Core\Form\FormState as array in /home/sdsdev/public_html/PTN8/modules/ptn_doors/src/Form/DoorRequestForm.php on line 273
[09-Jun-2016 03:08:50 America/New_York] PHP Fatal error:  Cannot use object of type Drupal\Core\Form\FormState as array in /home/sdsdev/public_html/PTN8/modules/ptn_doors/src/Form/DoorRequestForm.php on line 273
[09-Jun-2016 03:47:10 America/New_York] PHP Fatal error:  Cannot use object of type Drupal\Core\Form\FormState as array in /home/sdsdev/public_html/PTN8/modules/ptn_doors/src/Form/DoorRequestForm.php on line 273
[09-Jun-2016 11:44:02 America/New_York] PHP Fatal error:  Cannot use object of type Drupal\Core\Form\FormState as array in /home/sdsdev/public_html/PTN8/modules/ptn_doors/src/Form/DoorRequestForm.php on line 273
[09-Jun-2016 11:44:18 America/New_York] PHP Fatal error:  Cannot use object of type Drupal\Core\Form\FormState as array in /home/sdsdev/public_html/PTN8/modules/ptn_doors/src/Form/DoorRequestForm.php on line 273
[09-Jun-2016 11:44:26 America/New_York] PHP Fatal error:  Cannot use object of type Drupal\Core\Form\FormState as array in /home/sdsdev/public_html/PTN8/modules/ptn_doors/src/Form/DoorRequestForm.php on line 273
[09-Jun-2016 13:07:25 America/New_York] PHP Fatal error:  Cannot use object of type Drupal\Core\Form\FormState as array in /home/sdsdev/public_html/PTN8/modules/ptn_doors/src/Form/DoorRequestForm.php on line 273
[09-Jun-2016 16:16:06 America/New_York] Uncaught PHP Exception Twig_Error_Syntax: "Unexpected "endif" tag (expecting closing tag for the "for" tag defined near line 15) in "themes/danland/templates/breadcrumb.html.twig" at line 20." at /home/sdsdev/public_html/PTN8/vendor/twig/twig/lib/Twig/Parser.php line 167
[09-Jun-2016 16:16:11 America/New_York] Uncaught PHP Exception Twig_Error_Syntax: "Unexpected "endif" tag (expecting closing tag for the "for" tag defined near line 15) in "themes/danland/templates/breadcrumb.html.twig" at line 20." at /home/sdsdev/public_html/PTN8/vendor/twig/twig/lib/Twig/Parser.php line 167
[09-Jun-2016 16:16:16 America/New_York] Uncaught PHP Exception Twig_Error_Syntax: "Unexpected "endif" tag (expecting closing tag for the "for" tag defined near line 15) in "themes/danland/templates/breadcrumb.html.twig" at line 20." at /home/sdsdev/public_html/PTN8/vendor/twig/twig/lib/Twig/Parser.php line 167
[09-Jun-2016 16:17:05 America/New_York] Uncaught PHP Exception Twig_Error_Syntax: "Unexpected "endif" tag (expecting closing tag for the "for" tag defined near line 15) in "themes/danland/templates/breadcrumb.html.twig" at line 20." at /home/sdsdev/public_html/PTN8/vendor/twig/twig/lib/Twig/Parser.php line 167
[09-Jun-2016 16:18:25 America/New_York] Uncaught PHP Exception Twig_Error_Syntax: "Unexpected "endif" tag (expecting closing tag for the "for" tag defined near line 15) in "themes/danland/templates/breadcrumb.html.twig" at line 20." at /home/sdsdev/public_html/PTN8/vendor/twig/twig/lib/Twig/Parser.php line 167
[09-Jun-2016 16:18:59 America/New_York] Uncaught PHP Exception Twig_Error_Syntax: "Unexpected "endif" tag (expecting closing tag for the "for" tag defined near line 15) in "themes/danland/templates/breadcrumb.html.twig" at line 20." at /home/sdsdev/public_html/PTN8/vendor/twig/twig/lib/Twig/Parser.php line 167
[09-Jun-2016 16:19:13 America/New_York] Uncaught PHP Exception Twig_Error_Syntax: "Unexpected "endif" tag (expecting closing tag for the "for" tag defined near line 15) in "themes/danland/templates/breadcrumb.html.twig" at line 20." at /home/sdsdev/public_html/PTN8/vendor/twig/twig/lib/Twig/Parser.php line 167
[09-Jun-2016 16:19:21 America/New_York] Uncaught PHP Exception Twig_Error_Syntax: "Unexpected "endif" tag (expecting closing tag for the "for" tag defined near line 15) in "themes/danland/templates/breadcrumb.html.twig" at line 20." at /home/sdsdev/public_html/PTN8/vendor/twig/twig/lib/Twig/Parser.php line 167
[09-Jun-2016 16:19:44 America/New_York] Uncaught PHP Exception Twig_Error_Syntax: "Unexpected "endif" tag (expecting closing tag for the "for" tag defined near line 15) in "themes/danland/templates/breadcrumb.html.twig" at line 20." at /home/sdsdev/public_html/PTN8/vendor/twig/twig/lib/Twig/Parser.php line 167
[09-Jun-2016 16:20:40 America/New_York] Uncaught PHP Exception Twig_Error_Syntax: "Unexpected "endif" tag (expecting closing tag for the "for" tag defined near line 15) in "themes/danland/templates/breadcrumb.html.twig" at line 20." at /home/sdsdev/public_html/PTN8/vendor/twig/twig/lib/Twig/Parser.php line 167
[09-Jun-2016 16:20:57 America/New_York] Uncaught PHP Exception Twig_Error_Syntax: "Unexpected "endif" tag (expecting closing tag for the "for" tag defined near line 15) in "themes/danland/templates/breadcrumb.html.twig" at line 20." at /home/sdsdev/public_html/PTN8/vendor/twig/twig/lib/Twig/Parser.php line 167
[09-Jun-2016 16:21:50 America/New_York] Uncaught PHP Exception Twig_Error_Syntax: "Unexpected "endif" tag (expecting closing tag for the "for" tag defined near line 15) in "themes/danland/templates/breadcrumb.html.twig" at line 20." at /home/sdsdev/public_html/PTN8/vendor/twig/twig/lib/Twig/Parser.php line 167
[09-Jun-2016 16:23:08 America/New_York] Uncaught PHP Exception Twig_Error_Syntax: "Unexpected "endif" tag (expecting closing tag for the "for" tag defined near line 15) in "themes/danland/templates/breadcrumb.html.twig" at line 20." at /home/sdsdev/public_html/PTN8/vendor/twig/twig/lib/Twig/Parser.php line 167
[09-Jun-2016 16:23:48 America/New_York] Uncaught PHP Exception Twig_Error_Syntax: "Unexpected "endif" tag (expecting closing tag for the "for" tag defined near line 15) in "themes/danland/templates/breadcrumb.html.twig" at line 20." at /home/sdsdev/public_html/PTN8/vendor/twig/twig/lib/Twig/Parser.php line 167
[09-Jun-2016 16:24:19 America/New_York] Uncaught PHP Exception Twig_Error_Syntax: "Unexpected "endif" tag (expecting closing tag for the "for" tag defined near line 15) in "themes/danland/templates/breadcrumb.html.twig" at line 20." at /home/sdsdev/public_html/PTN8/vendor/twig/twig/lib/Twig/Parser.php line 167
[09-Jun-2016 16:24:28 America/New_York] Uncaught PHP Exception Twig_Error_Syntax: "Unexpected "endif" tag (expecting closing tag for the "for" tag defined near line 15) in "themes/danland/templates/breadcrumb.html.twig" at line 20." at /home/sdsdev/public_html/PTN8/vendor/twig/twig/lib/Twig/Parser.php line 167
[09-Jun-2016 16:24:41 America/New_York] Uncaught PHP Exception Twig_Error_Syntax: "Unexpected "endif" tag (expecting closing tag for the "for" tag defined near line 15) in "themes/danland/templates/breadcrumb.html.twig" at line 20." at /home/sdsdev/public_html/PTN8/vendor/twig/twig/lib/Twig/Parser.php line 167
[09-Jun-2016 16:25:43 America/New_York] Uncaught PHP Exception Twig_Error_Syntax: "Unexpected "endif" tag (expecting closing tag for the "for" tag defined near line 15) in "themes/danland/templates/breadcrumb.html.twig" at line 20." at /home/sdsdev/public_html/PTN8/vendor/twig/twig/lib/Twig/Parser.php line 167
[09-Jun-2016 16:26:22 America/New_York] Uncaught PHP Exception Twig_Error_Syntax: "Unexpected "endif" tag (expecting closing tag for the "for" tag defined near line 15) in "themes/danland/templates/breadcrumb.html.twig" at line 20." at /home/sdsdev/public_html/PTN8/vendor/twig/twig/lib/Twig/Parser.php line 167
[09-Jun-2016 16:27:29 America/New_York] Uncaught PHP Exception Twig_Error_Syntax: "Unexpected "endif" tag (expecting closing tag for the "for" tag defined near line 15) in "themes/danland/templates/breadcrumb.html.twig" at line 20." at /home/sdsdev/public_html/PTN8/vendor/twig/twig/lib/Twig/Parser.php line 167
[09-Jun-2016 16:27:57 America/New_York] Uncaught PHP Exception Twig_Error_Syntax: "Unexpected "endif" tag (expecting closing tag for the "for" tag defined near line 15) in "themes/danland/templates/breadcrumb.html.twig" at line 20." at /home/sdsdev/public_html/PTN8/vendor/twig/twig/lib/Twig/Parser.php line 167
[09-Jun-2016 16:28:05 America/New_York] Uncaught PHP Exception Twig_Error_Syntax: "Unexpected "endif" tag (expecting closing tag for the "for" tag defined near line 15) in "themes/danland/templates/breadcrumb.html.twig" at line 20." at /home/sdsdev/public_html/PTN8/vendor/twig/twig/lib/Twig/Parser.php line 167
[09-Jun-2016 16:28:31 America/New_York] Uncaught PHP Exception Twig_Error_Syntax: "Unexpected "endif" tag (expecting closing tag for the "for" tag defined near line 15) in "themes/danland/templates/breadcrumb.html.twig" at line 20." at /home/sdsdev/public_html/PTN8/vendor/twig/twig/lib/Twig/Parser.php line 167
[09-Jun-2016 16:29:00 America/New_York] Uncaught PHP Exception Twig_Error_Syntax: "Unexpected "endif" tag (expecting closing tag for the "for" tag defined near line 15) in "themes/danland/templates/breadcrumb.html.twig" at line 20." at /home/sdsdev/public_html/PTN8/vendor/twig/twig/lib/Twig/Parser.php line 167
[09-Jun-2016 16:31:50 America/New_York] Uncaught PHP Exception Twig_Error_Syntax: "Unexpected "endif" tag (expecting closing tag for the "for" tag defined near line 15) in "themes/danland/templates/breadcrumb.html.twig" at line 20." at /home/sdsdev/public_html/PTN8/vendor/twig/twig/lib/Twig/Parser.php line 167
[09-Jun-2016 16:32:17 America/New_York] Uncaught PHP Exception Twig_Error_Syntax: "Unexpected "endif" tag (expecting closing tag for the "for" tag defined near line 15) in "themes/danland/templates/breadcrumb.html.twig" at line 20." at /home/sdsdev/public_html/PTN8/vendor/twig/twig/lib/Twig/Parser.php line 167
[09-Jun-2016 16:32:46 America/New_York] Uncaught PHP Exception Twig_Error_Syntax: "Unexpected "endif" tag (expecting closing tag for the "for" tag defined near line 15) in "themes/danland/templates/breadcrumb.html.twig" at line 20." at /home/sdsdev/public_html/PTN8/vendor/twig/twig/lib/Twig/Parser.php line 167
[09-Jun-2016 16:33:03 America/New_York] Uncaught PHP Exception Twig_Error_Syntax: "Unexpected "endif" tag (expecting closing tag for the "for" tag defined near line 15) in "themes/danland/templates/breadcrumb.html.twig" at line 20." at /home/sdsdev/public_html/PTN8/vendor/twig/twig/lib/Twig/Parser.php line 167
[09-Jun-2016 16:33:08 America/New_York] Uncaught PHP Exception Twig_Error_Syntax: "Unexpected "endif" tag (expecting closing tag for the "for" tag defined near line 15) in "themes/danland/templates/breadcrumb.html.twig" at line 20." at /home/sdsdev/public_html/PTN8/vendor/twig/twig/lib/Twig/Parser.php line 167
[09-Jun-2016 16:33:19 America/New_York] Uncaught PHP Exception Twig_Error_Syntax: "Unexpected "endif" tag (expecting closing tag for the "for" tag defined near line 15) in "themes/danland/templates/breadcrumb.html.twig" at line 20." at /home/sdsdev/public_html/PTN8/vendor/twig/twig/lib/Twig/Parser.php line 167
[09-Jun-2016 16:36:46 America/New_York] Uncaught PHP Exception Twig_Error_Syntax: "Unexpected "endif" tag (expecting closing tag for the "for" tag defined near line 15) in "themes/danland/templates/breadcrumb.html.twig" at line 20." at /home/sdsdev/public_html/PTN8/vendor/twig/twig/lib/Twig/Parser.php line 167
[09-Jun-2016 16:39:46 America/New_York] Uncaught PHP Exception Twig_Error_Syntax: "Unexpected "endif" tag (expecting closing tag for the "for" tag defined near line 15) in "themes/danland/templates/breadcrumb.html.twig" at line 20." at /home/sdsdev/public_html/PTN8/vendor/twig/twig/lib/Twig/Parser.php line 167
[09-Jun-2016 16:42:43 America/New_York] Uncaught PHP Exception Twig_Error_Syntax: "Unexpected "endif" tag (expecting closing tag for the "for" tag defined near line 15) in "themes/danland/templates/breadcrumb.html.twig" at line 20." at /home/sdsdev/public_html/PTN8/vendor/twig/twig/lib/Twig/Parser.php line 167
[09-Jun-2016 16:42:48 America/New_York] Uncaught PHP Exception Twig_Error_Syntax: "Unexpected "endif" tag (expecting closing tag for the "for" tag defined near line 15) in "themes/danland/templates/breadcrumb.html.twig" at line 20." at /home/sdsdev/public_html/PTN8/vendor/twig/twig/lib/Twig/Parser.php line 167
[09-Jun-2016 16:43:02 America/New_York] Uncaught PHP Exception Twig_Error_Syntax: "Unexpected "endif" tag (expecting closing tag for the "for" tag defined near line 15) in "themes/danland/templates/breadcrumb.html.twig" at line 20." at /home/sdsdev/public_html/PTN8/vendor/twig/twig/lib/Twig/Parser.php line 167
[09-Jun-2016 16:43:16 America/New_York] Uncaught PHP Exception Twig_Error_Syntax: "Unexpected "endif" tag (expecting closing tag for the "for" tag defined near line 15) in "themes/danland/templates/breadcrumb.html.twig" at line 20." at /home/sdsdev/public_html/PTN8/vendor/twig/twig/lib/Twig/Parser.php line 167
[09-Jun-2016 16:44:52 America/New_York] Uncaught PHP Exception Twig_Error_Syntax: "Unexpected "endif" tag (expecting closing tag for the "for" tag defined near line 15) in "themes/danland/templates/breadcrumb.html.twig" at line 20." at /home/sdsdev/public_html/PTN8/vendor/twig/twig/lib/Twig/Parser.php line 167
[09-Jun-2016 16:45:28 America/New_York] Uncaught PHP Exception Twig_Error_Syntax: "Unexpected "endif" tag (expecting closing tag for the "for" tag defined near line 15) in "themes/danland/templates/breadcrumb.html.twig" at line 20." at /home/sdsdev/public_html/PTN8/vendor/twig/twig/lib/Twig/Parser.php line 167
[09-Jun-2016 16:45:47 America/New_York] Uncaught PHP Exception Twig_Error_Syntax: "Unexpected "endif" tag (expecting closing tag for the "for" tag defined near line 15) in "themes/danland/templates/breadcrumb.html.twig" at line 20." at /home/sdsdev/public_html/PTN8/vendor/twig/twig/lib/Twig/Parser.php line 167
[09-Jun-2016 16:46:06 America/New_York] Uncaught PHP Exception Twig_Error_Syntax: "Unexpected "endif" tag (expecting closing tag for the "for" tag defined near line 15) in "themes/danland/templates/breadcrumb.html.twig" at line 20." at /home/sdsdev/public_html/PTN8/vendor/twig/twig/lib/Twig/Parser.php line 167
[09-Jun-2016 16:51:56 America/New_York] Uncaught PHP Exception Twig_Error_Syntax: "Unexpected "endif" tag (expecting closing tag for the "for" tag defined near line 15) in "themes/danland/templates/breadcrumb.html.twig" at line 20." at /home/sdsdev/public_html/PTN8/vendor/twig/twig/lib/Twig/Parser.php line 167
[09-Jun-2016 16:55:07 America/New_York] Uncaught PHP Exception Twig_Error_Syntax: "Unexpected "endif" tag (expecting closing tag for the "for" tag defined near line 15) in "themes/danland/templates/breadcrumb.html.twig" at line 20." at /home/sdsdev/public_html/PTN8/vendor/twig/twig/lib/Twig/Parser.php line 167
[09-Jun-2016 16:55:33 America/New_York] Uncaught PHP Exception Twig_Error_Syntax: "Unexpected "endif" tag (expecting closing tag for the "for" tag defined near line 15) in "themes/danland/templates/breadcrumb.html.twig" at line 20." at /home/sdsdev/public_html/PTN8/vendor/twig/twig/lib/Twig/Parser.php line 167
[09-Jun-2016 16:56:32 America/New_York] Uncaught PHP Exception Twig_Error_Syntax: "Unexpected "endif" tag (expecting closing tag for the "for" tag defined near line 15) in "themes/danland/templates/breadcrumb.html.twig" at line 20." at /home/sdsdev/public_html/PTN8/vendor/twig/twig/lib/Twig/Parser.php line 167
[09-Jun-2016 16:56:46 America/New_York] Uncaught PHP Exception Twig_Error_Syntax: "Unexpected "endif" tag (expecting closing tag for the "for" tag defined near line 15) in "themes/danland/templates/breadcrumb.html.twig" at line 20." at /home/sdsdev/public_html/PTN8/vendor/twig/twig/lib/Twig/Parser.php line 167
[09-Jun-2016 17:02:48 America/New_York] Uncaught PHP Exception Twig_Error_Syntax: "Unexpected "endif" tag (expecting closing tag for the "for" tag defined near line 15) in "themes/danland/templates/breadcrumb.html.twig" at line 20." at /home/sdsdev/public_html/PTN8/vendor/twig/twig/lib/Twig/Parser.php line 167
[09-Jun-2016 17:03:12 America/New_York] Uncaught PHP Exception Twig_Error_Syntax: "Unexpected "endif" tag (expecting closing tag for the "for" tag defined near line 15) in "themes/danland/templates/breadcrumb.html.twig" at line 20." at /home/sdsdev/public_html/PTN8/vendor/twig/twig/lib/Twig/Parser.php line 167
[09-Jun-2016 17:03:22 America/New_York] Uncaught PHP Exception Twig_Error_Syntax: "Unexpected "endif" tag (expecting closing tag for the "for" tag defined near line 15) in "themes/danland/templates/breadcrumb.html.twig" at line 20." at /home/sdsdev/public_html/PTN8/vendor/twig/twig/lib/Twig/Parser.php line 167
[09-Jun-2016 17:06:40 America/New_York] Uncaught PHP Exception Twig_Error_Syntax: "Unexpected "endif" tag (expecting closing tag for the "for" tag defined near line 15) in "themes/danland/templates/breadcrumb.html.twig" at line 20." at /home/sdsdev/public_html/PTN8/vendor/twig/twig/lib/Twig/Parser.php line 167
[09-Jun-2016 17:07:37 America/New_York] Uncaught PHP Exception Twig_Error_Syntax: "Unexpected "endif" tag (expecting closing tag for the "for" tag defined near line 15) in "themes/danland/templates/breadcrumb.html.twig" at line 20." at /home/sdsdev/public_html/PTN8/vendor/twig/twig/lib/Twig/Parser.php line 167
[09-Jun-2016 17:07:42 America/New_York] Uncaught PHP Exception Twig_Error_Syntax: "Unexpected "endif" tag (expecting closing tag for the "for" tag defined near line 15) in "themes/danland/templates/breadcrumb.html.twig" at line 20." at /home/sdsdev/public_html/PTN8/vendor/twig/twig/lib/Twig/Parser.php line 167
[09-Jun-2016 20:45:24 America/New_York] PHP Fatal error:  Cannot use object of type Drupal\Core\Form\FormState as array in /home/sdsdev/public_html/PTN8/modules/ptn_doors/src/Form/DoorRequestForm.php on line 312
[09-Jun-2016 20:50:52 America/New_York] Uncaught PHP Exception InvalidArgumentException: "Class "\Drupal\ptn_doors\Form\DoorRequestForm" does not exist." at /home/sdsdev/public_html/PTN8/core/lib/Drupal/Core/DependencyInjection/ClassResolver.php line 24
[11-Jun-2016 23:56:41 America/New_York] Uncaught PHP Exception InvalidArgumentException: "Class "Drupal\ptn_doors\Form\DoorsAdminMainForm" does not exist." at /home/sdsdev/public_html/PTN8/core/lib/Drupal/Core/DependencyInjection/ClassResolver.php line 24
[11-Jun-2016 23:59:06 America/New_York] PHP Fatal error:  Class Drupal\ptn_doors\Form\DoorsAdminMainForm contains 1 abstract method and must therefore be declared abstract or implement the remaining methods (Drupal\Core\Form\FormInterface::submitForm) in /home/sdsdev/public_html/PTN8/modules/ptn_doors/src/Form/DoorsAdminMainForm.php on line 8
[12-Jun-2016 00:00:11 America/New_York] Uncaught PHP Exception InvalidArgumentException: "Class "Drupal\ptn_doors\Form\DoorsAdminMainForm" does not exist." at /home/sdsdev/public_html/PTN8/core/lib/Drupal/Core/DependencyInjection/ClassResolver.php line 24
[12-Jun-2016 00:00:33 America/New_York] PHP Fatal error:  Class 'Drupal\ptn_doors\Form\Drupal\ptn_doors\PTNDoors' not found in /home/sdsdev/public_html/PTN8/modules/ptn_doors/src/Form/DoorsAdminMainForm.php on line 13
[12-Jun-2016 00:00:35 America/New_York] PHP Fatal error:  Class 'Drupal\ptn_doors\Form\Drupal\ptn_doors\PTNDoors' not found in /home/sdsdev/public_html/PTN8/modules/ptn_doors/src/Form/DoorsAdminMainForm.php on line 13
[14-Jun-2016 13:32:09 America/New_York] Uncaught PHP Exception Twig_Error_Syntax: "Unexpected "endfor" tag (expecting closing tag for the "if" tag defined near line 17) in "themes/danland/templates/breadcrumb.html.twig" at line 30." at /home/sdsdev/public_html/PTN8/vendor/twig/twig/lib/Twig/Parser.php line 167
[15-Jun-2016 00:53:25 America/New_York] PHP Fatal error:  Call to undefined function Drupal\ptn_doors\variable_get() in /home/sdsdev/public_html/PTN8/modules/ptn_doors/src/PTNDoors.php on line 95
[15-Jun-2016 00:55:26 America/New_York] PHP Fatal error:  Call to undefined function Drupal\ptn_doors\variable_get() in /home/sdsdev/public_html/PTN8/modules/ptn_doors/src/PTNDoors.php on line 95
[15-Jun-2016 00:55:28 America/New_York] PHP Fatal error:  Call to undefined function Drupal\ptn_doors\variable_get() in /home/sdsdev/public_html/PTN8/modules/ptn_doors/src/PTNDoors.php on line 95
[15-Jun-2016 00:55:29 America/New_York] PHP Fatal error:  Call to undefined function Drupal\ptn_doors\variable_get() in /home/sdsdev/public_html/PTN8/modules/ptn_doors/src/PTNDoors.php on line 95
[15-Jun-2016 00:55:30 America/New_York] PHP Fatal error:  Call to undefined function Drupal\ptn_doors\variable_get() in /home/sdsdev/public_html/PTN8/modules/ptn_doors/src/PTNDoors.php on line 95
[15-Jun-2016 00:55:43 America/New_York] PHP Fatal error:  Call to undefined function Drupal\ptn_doors\variable_get() in /home/sdsdev/public_html/PTN8/modules/ptn_doors/src/PTNDoors.php on line 95
[15-Jun-2016 00:55:49 America/New_York] PHP Fatal error:  Call to undefined function Drupal\ptn_doors\variable_get() in /home/sdsdev/public_html/PTN8/modules/ptn_doors/src/PTNDoors.php on line 95
[15-Jun-2016 00:55:57 America/New_York] PHP Fatal error:  Call to undefined function Drupal\ptn_doors\variable_get() in /home/sdsdev/public_html/PTN8/modules/ptn_doors/src/PTNDoors.php on line 95
[15-Jun-2016 00:56:02 America/New_York] PHP Fatal error:  Call to undefined function Drupal\ptn_doors\variable_get() in /home/sdsdev/public_html/PTN8/modules/ptn_doors/src/PTNDoors.php on line 95
[15-Jun-2016 00:56:04 America/New_York] PHP Fatal error:  Call to undefined function Drupal\ptn_doors\variable_get() in /home/sdsdev/public_html/PTN8/modules/ptn_doors/src/PTNDoors.php on line 95
[15-Jun-2016 01:32:22 America/New_York] Recoverable fatal error: Argument 1 passed to Drupal\Core\Render\MainContent\AjaxRenderer::renderResponse() must be of the type array, string given, called in /home/sdsdev/public_html/PTN8/core/lib/Drupal/Core/Form/FormAjaxResponseBuilder.php on line 89 and defined in /home/sdsdev/public_html/PTN8/core/lib/Drupal/Core/Render/MainContent/AjaxRenderer.php on line 45
[15-Jun-2016 01:32:37 America/New_York] Recoverable fatal error: Argument 1 passed to Drupal\Core\Render\MainContent\AjaxRenderer::renderResponse() must be of the type array, string given, called in /home/sdsdev/public_html/PTN8/core/lib/Drupal/Core/Form/FormAjaxResponseBuilder.php on line 89 and defined in /home/sdsdev/public_html/PTN8/core/lib/Drupal/Core/Render/MainContent/AjaxRenderer.php on line 45
[15-Jun-2016 01:33:27 America/New_York] Recoverable fatal error: Argument 1 passed to Drupal\Core\Render\MainContent\AjaxRenderer::renderResponse() must be of the type array, string given, called in /home/sdsdev/public_html/PTN8/core/lib/Drupal/Core/Form/FormAjaxResponseBuilder.php on line 89 and defined in /home/sdsdev/public_html/PTN8/core/lib/Drupal/Core/Render/MainContent/AjaxRenderer.php on line 45
[15-Jun-2016 01:34:25 America/New_York] Recoverable fatal error: Argument 1 passed to Drupal\Core\Render\MainContent\AjaxRenderer::renderResponse() must be of the type array, string given, called in /home/sdsdev/public_html/PTN8/core/lib/Drupal/Core/Form/FormAjaxResponseBuilder.php on line 89 and defined in /home/sdsdev/public_html/PTN8/core/lib/Drupal/Core/Render/MainContent/AjaxRenderer.php on line 45
[15-Jun-2016 01:42:22 America/New_York] Uncaught PHP Exception Drupal\Core\Config\ImmutableConfigException: "Can not set values on immutable configuration :ptn_doors_contact_electric. Use \Drupal\Core\Config\ConfigFactoryInterface::getEditable() to retrieve a mutable configuration object" at /home/sdsdev/public_html/PTN8/core/lib/Drupal/Core/Config/ImmutableConfig.php line 27
[15-Jun-2016 01:44:22 America/New_York] Uncaught PHP Exception Drupal\Core\Config\ImmutableConfigException: "Can not set values on immutable configuration :ptn_doors_contact_electric. Use \Drupal\Core\Config\ConfigFactoryInterface::getEditable() to retrieve a mutable configuration object" at /home/sdsdev/public_html/PTN8/core/lib/Drupal/Core/Config/ImmutableConfig.php line 27
[15-Jun-2016 01:51:08 America/New_York] Uncaught PHP Exception Drupal\Core\Config\ImmutableConfigException: "Can not set values on immutable configuration :ptn_doors_contact_electric. Use \Drupal\Core\Config\ConfigFactoryInterface::getEditable() to retrieve a mutable configuration object" at /home/sdsdev/public_html/PTN8/core/lib/Drupal/Core/Config/ImmutableConfig.php line 27
[15-Jun-2016 01:52:27 America/New_York] Uncaught PHP Exception Drupal\Core\Config\ImmutableConfigException: "Can not set values on immutable configuration :ptn_doors_contact_electric. Use \Drupal\Core\Config\ConfigFactoryInterface::getEditable() to retrieve a mutable configuration object" at /home/sdsdev/public_html/PTN8/core/lib/Drupal/Core/Config/ImmutableConfig.php line 27
[15-Jun-2016 01:54:05 America/New_York] Uncaught PHP Exception Drupal\Core\Config\ImmutableConfigException: "Can not set values on immutable configuration :ptn_doors_contact_electric. Use \Drupal\Core\Config\ConfigFactoryInterface::getEditable() to retrieve a mutable configuration object" at /home/sdsdev/public_html/PTN8/core/lib/Drupal/Core/Config/ImmutableConfig.php line 27
[15-Jun-2016 01:54:18 America/New_York] Uncaught PHP Exception Drupal\Core\Config\ImmutableConfigException: "Can not set values on immutable configuration :ptn_doors_contact_electric. Use \Drupal\Core\Config\ConfigFactoryInterface::getEditable() to retrieve a mutable configuration object" at /home/sdsdev/public_html/PTN8/core/lib/Drupal/Core/Config/ImmutableConfig.php line 27
[15-Jun-2016 01:55:47 America/New_York] Uncaught PHP Exception Drupal\Core\Config\ImmutableConfigException: "Can not set values on immutable configuration ptn_doors.settings:ptn_doors_contact_electric. Use \Drupal\Core\Config\ConfigFactoryInterface::getEditable() to retrieve a mutable configuration object" at /home/sdsdev/public_html/PTN8/core/lib/Drupal/Core/Config/ImmutableConfig.php line 27
[15-Jun-2016 01:56:21 America/New_York] Uncaught PHP Exception Drupal\Core\Config\ImmutableConfigException: "Can not set values on immutable configuration ptn_doors.settings:ptn_doors_contact_electric. Use \Drupal\Core\Config\ConfigFactoryInterface::getEditable() to retrieve a mutable configuration object" at /home/sdsdev/public_html/PTN8/core/lib/Drupal/Core/Config/ImmutableConfig.php line 27
[15-Jun-2016 01:59:13 America/New_York] Uncaught PHP Exception Drupal\Core\Config\ImmutableConfigException: "Can not set values on immutable configuration ptn_doors.settings:ptn_doors_contact_electric. Use \Drupal\Core\Config\ConfigFactoryInterface::getEditable() to retrieve a mutable configuration object" at /home/sdsdev/public_html/PTN8/core/lib/Drupal/Core/Config/ImmutableConfig.php line 27
[15-Jun-2016 16:28:26 America/New_York] PHP Fatal error:  Call to a member function save() on null in /home/sdsdev/public_html/PTN8/modules/ptn_doors/src/Form/DoorsAdminNotificationsForm.php on line 137
[15-Jun-2016 16:29:42 America/New_York] PHP Fatal error:  Call to a member function save() on null in /home/sdsdev/public_html/PTN8/modules/ptn_doors/src/Form/DoorsAdminNotificationsForm.php on line 138
[15-Jun-2016 16:30:54 America/New_York] PHP Fatal error:  Call to a member function save() on null in /home/sdsdev/public_html/PTN8/modules/ptn_doors/src/Form/DoorsAdminNotificationsForm.php on line 139
[15-Jun-2016 16:31:22 America/New_York] PHP Fatal error:  Using $this when not in object context in /home/sdsdev/public_html/PTN8/modules/ptn_doors/src/Form/DoorsAdminNotificationsForm.php on line 142
[15-Jun-2016 16:35:10 America/New_York] Recoverable fatal error: Argument 1 passed to Drupal\Core\Render\MainContent\AjaxRenderer::renderResponse() must be of the type array, null given, called in /home/sdsdev/public_html/PTN8/core/lib/Drupal/Core/Form/FormAjaxResponseBuilder.php on line 89 and defined in /home/sdsdev/public_html/PTN8/core/lib/Drupal/Core/Render/MainContent/AjaxRenderer.php on line 45
[15-Jun-2016 19:41:23 America/New_York] Uncaught PHP Exception LogicException: "Form errors cannot be set after form validation has finished." at /home/sdsdev/public_html/PTN8/core/lib/Drupal/Core/Form/FormState.php line 1115
[15-Jun-2016 23:26:57 America/New_York] PHP Fatal error:  Declaration of Drupal\ptn_doors\Form\DoorsAdminRemoveContactForm::buildForm() must be compatible with Drupal\Core\Form\FormInterface::buildForm(array $form, Drupal\Core\Form\FormStateInterface $form_state) in /home/sdsdev/public_html/PTN8/modules/ptn_doors/src/Form/DoorsAdminRemoveContactForm.php on line 0
[15-Jun-2016 23:33:10 America/New_York] PHP Fatal error:  Declaration of Drupal\ptn_doors\Form\DoorsAdminRemoveContactForm::buildForm() must be compatible with Drupal\Core\Form\FormInterface::buildForm(array $form, Drupal\Core\Form\FormStateInterface $form_state) in /home/sdsdev/public_html/PTN8/modules/ptn_doors/src/Form/DoorsAdminRemoveContactForm.php on line 0
[15-Jun-2016 23:34:50 America/New_York] PHP Fatal error:  Declaration of Drupal\ptn_doors\Form\DoorsAdminRemoveContactForm::buildForm() must be compatible with Drupal\Core\Form\FormInterface::buildForm(array $form, Drupal\Core\Form\FormStateInterface $form_state) in /home/sdsdev/public_html/PTN8/modules/ptn_doors/src/Form/DoorsAdminRemoveContactForm.php on line 0
[15-Jun-2016 23:42:05 America/New_York] PHP Fatal error:  Declaration of Drupal\ptn_doors\Form\DoorsAdminRemoveContactForm::buildForm() must be compatible with Drupal\Core\Form\FormInterface::buildForm(array $form, Drupal\Core\Form\FormStateInterface $form_state) in /home/sdsdev/public_html/PTN8/modules/ptn_doors/src/Form/DoorsAdminRemoveContactForm.php on line 0
[15-Jun-2016 23:42:39 America/New_York] PHP Fatal error:  Declaration of Drupal\ptn_doors\Form\DoorsAdminRemoveContactForm::buildForm() must be compatible with Drupal\Core\Form\FormInterface::buildForm(array $form, Drupal\Core\Form\FormStateInterface $form_state) in /home/sdsdev/public_html/PTN8/modules/ptn_doors/src/Form/DoorsAdminRemoveContactForm.php on line 0
[16-Jun-2016 00:23:38 America/New_York] Recoverable fatal error: Object of class Drupal\Core\Url could not be converted to string in /home/sdsdev/public_html/PTN8/modules/ptn_doors/src/PTNDoors.php on line 69
[16-Jun-2016 00:28:17 America/New_York] PHP Fatal error:  Unsupported operand types in /home/sdsdev/public_html/PTN8/core/lib/Drupal/Core/Routing/UrlGenerator.php on line 278
[16-Jun-2016 00:29:11 America/New_York] PHP Fatal error:  Unsupported operand types in /home/sdsdev/public_html/PTN8/core/lib/Drupal/Core/Routing/UrlGenerator.php on line 278
[16-Jun-2016 00:29:18 America/New_York] PHP Fatal error:  Unsupported operand types in /home/sdsdev/public_html/PTN8/core/lib/Drupal/Core/Routing/UrlGenerator.php on line 278
[16-Jun-2016 00:31:47 America/New_York] Recoverable fatal error: Argument 2 passed to t() must be of the type array, string given, called in /home/sdsdev/public_html/PTN8/modules/ptn_doors/src/Form/DoorsAdminRemoveContactForm.php on line 51 and defined in /home/sdsdev/public_html/PTN8/core/includes/bootstrap.inc on line 297
[16-Jun-2016 01:13:32 America/New_York] Recoverable fatal error: Argument 2 passed to Drupal\Core\Form\FormBase::t() must be of the type array, null given, called in /home/sdsdev/public_html/PTN8/modules/ptn_doors/src/Form/DoorsAdminImportForm.php on line 65 and defined in /home/sdsdev/public_html/PTN8/core/lib/Drupal/Core/StringTranslation/StringTranslationTrait.php on line 70
[16-Jun-2016 01:17:09 America/New_York] Recoverable fatal error: Argument 1 passed to file_move() must implement interface Drupal\file\FileInterface, array given, called in /home/sdsdev/public_html/PTN8/modules/ptn_doors/src/Form/DoorsAdminImportForm.php on line 57 and defined in /home/sdsdev/public_html/PTN8/core/modules/file/file.module on line 218
[16-Jun-2016 01:26:24 America/New_York] Recoverable fatal error: Argument 1 passed to file_move() must implement interface Drupal\file\FileInterface, array given, called in /home/sdsdev/public_html/PTN8/modules/ptn_doors/src/Form/DoorsAdminImportForm.php on line 58 and defined in /home/sdsdev/public_html/PTN8/core/modules/file/file.module on line 218
[16-Jun-2016 01:26:46 America/New_York] Recoverable fatal error: Argument 1 passed to file_move() must implement interface Drupal\file\FileInterface, array given, called in /home/sdsdev/public_html/PTN8/modules/ptn_doors/src/Form/DoorsAdminImportForm.php on line 58 and defined in /home/sdsdev/public_html/PTN8/core/modules/file/file.module on line 218
[16-Jun-2016 01:34:18 America/New_York] Recoverable fatal error: Argument 1 passed to file_move() must implement interface Drupal\file\FileInterface, array given, called in /home/sdsdev/public_html/PTN8/modules/ptn_doors/src/Form/DoorsAdminImportForm.php on line 58 and defined in /home/sdsdev/public_html/PTN8/core/modules/file/file.module on line 218
[16-Jun-2016 01:34:33 America/New_York] Recoverable fatal error: Argument 1 passed to file_move() must implement interface Drupal\file\FileInterface, array given, called in /home/sdsdev/public_html/PTN8/modules/ptn_doors/src/Form/DoorsAdminImportForm.php on line 58 and defined in /home/sdsdev/public_html/PTN8/core/modules/file/file.module on line 218
[16-Jun-2016 01:35:35 America/New_York] Recoverable fatal error: Argument 1 passed to file_move() must implement interface Drupal\file\FileInterface, array given, called in /home/sdsdev/public_html/PTN8/modules/ptn_doors/src/Form/DoorsAdminImportForm.php on line 58 and defined in /home/sdsdev/public_html/PTN8/core/modules/file/file.module on line 218
[16-Jun-2016 01:39:27 America/New_York] Recoverable fatal error: Argument 1 passed to file_move() must implement interface Drupal\file\FileInterface, array given, called in /home/sdsdev/public_html/PTN8/modules/ptn_doors/src/Form/DoorsAdminImportForm.php on line 59 and defined in /home/sdsdev/public_html/PTN8/core/modules/file/file.module on line 218
[16-Jun-2016 01:57:34 America/New_York] Recoverable fatal error: Argument 1 passed to file_move() must implement interface Drupal\file\FileInterface, array given, called in /home/sdsdev/public_html/PTN8/modules/ptn_doors/src/Form/DoorsAdminImportForm.php on line 59 and defined in /home/sdsdev/public_html/PTN8/core/modules/file/file.module on line 218
[16-Jun-2016 02:03:32 America/New_York] PHP Fatal error:  Cannot use object of type Drupal\Core\Form\FormState as array in /home/sdsdev/public_html/PTN8/modules/ptn_doors/src/Form/DoorsAdminImportForm.php on line 90
[16-Jun-2016 02:15:04 America/New_York] PHP Fatal error:  Call to undefined function Drupal\ptn_doors\Form\file_save() in /home/sdsdev/public_html/PTN8/modules/ptn_doors/src/Form/DoorsAdminImportForm.php on line 101
[16-Jun-2016 02:16:44 America/New_York] PHP Fatal error:  Call to undefined function Drupal\ptn_doors\Form\importBuildingsValidation() in /home/sdsdev/public_html/PTN8/modules/ptn_doors/src/Form/DoorsAdminImportForm.php on line 106
[16-Jun-2016 02:22:41 America/New_York] PHP Fatal error:  Call to undefined method stdClass::save() in /home/sdsdev/public_html/PTN8/modules/ptn_doors/src/Form/DoorsAdminImportForm.php on line 101
[16-Jun-2016 06:52:30 America/New_York] PHP Fatal error:  Class 'Drupal\Core\Entity' not found in /home/sdsdev/public_html/PTN8/modules/ptn_doors/src/Form/DoorsAdminImportForm.php on line 58
[16-Jun-2016 06:53:49 America/New_York] Uncaught PHP Exception Drupal\Core\Entity\Exception\NoCorrespondingEntityClassException: "The Drupal\Core\Entity\Entity class does not correspond to an entity type." at /home/sdsdev/public_html/PTN8/core/lib/Drupal/Core/Entity/EntityTypeRepository.php line 98
[16-Jun-2016 06:54:07 America/New_York] Uncaught PHP Exception Drupal\Core\Entity\Exception\NoCorrespondingEntityClassException: "The Drupal\Core\Entity\Entity class does not correspond to an entity type." at /home/sdsdev/public_html/PTN8/core/lib/Drupal/Core/Entity/EntityTypeRepository.php line 98
[16-Jun-2016 11:53:37 America/New_York] PHP Fatal error:  Call to a member function setPermanent() on null in /home/sdsdev/public_html/PTN8/modules/ptn_doors/src/Form/DoorsAdminImportForm.php on line 61
[16-Jun-2016 11:59:42 America/New_York] Recoverable fatal error: Object of class Drupal\file\Entity\File could not be converted to string in /home/sdsdev/public_html/PTN8/modules/ptn_doors/src/Form/DoorsAdminImportForm.php on line 71
[16-Jun-2016 11:59:48 America/New_York] Recoverable fatal error: Object of class Drupal\file\Entity\File could not be converted to string in /home/sdsdev/public_html/PTN8/modules/ptn_doors/src/Form/DoorsAdminImportForm.php on line 71
[16-Jun-2016 11:59:50 America/New_York] Recoverable fatal error: Object of class Drupal\file\Entity\File could not be converted to string in /home/sdsdev/public_html/PTN8/modules/ptn_doors/src/Form/DoorsAdminImportForm.php on line 71
[16-Jun-2016 13:06:10 America/New_York] Uncaught PHP Exception Twig_Error_Syntax: "Unexpected token "operator" of value "%" in "{# inline_template_start #}{{%1}}" at line 1." at /home/sdsdev/public_html/PTN8/vendor/twig/twig/lib/Twig/ExpressionParser.php line 190
[16-Jun-2016 13:14:36 America/New_York] Uncaught PHP Exception LogicException: "Form errors cannot be set after form validation has finished." at /home/sdsdev/public_html/PTN8/core/lib/Drupal/Core/Form/FormState.php line 1115
[16-Jun-2016 13:21:48 America/New_York] Recoverable fatal error: Object of class Drupal\file\Entity\File could not be converted to string in /home/sdsdev/public_html/PTN8/modules/ptn_doors/src/Form/DoorsAdminImportForm.php on line 108
[16-Jun-2016 13:25:01 America/New_York] Uncaught PHP Exception InvalidArgumentException: "$string ("1") must be a string." at /home/sdsdev/public_html/PTN8/core/lib/Drupal/Core/StringTranslation/TranslatableMarkup.php line 140
[16-Jun-2016 13:27:15 America/New_York] PHP Fatal error:  Call to a member function getViaUri() on null in /home/sdsdev/public_html/PTN8/core/lib/Drupal/Core/File/FileSystem.php on line 125
[16-Jun-2016 13:32:18 America/New_York] Uncaught PHP Exception LogicException: "Form errors cannot be set after form validation has finished." at /home/sdsdev/public_html/PTN8/core/lib/Drupal/Core/Form/FormState.php line 1115
[16-Jun-2016 13:35:04 America/New_York] PHP Fatal error:  Call to a member function getFileUri() on string in /home/sdsdev/public_html/PTN8/modules/ptn_doors/src/Form/DoorsAdminImportForm.php on line 111
[16-Jun-2016 14:01:13 America/New_York] Uncaught PHP Exception Drupal\Core\Entity\EntityMalformedException: "The "contact_message" entity cannot have a URI as it does not have an ID" at /home/sdsdev/public_html/PTN8/core/lib/Drupal/Core/Entity/Entity.php line 179
[16-Jun-2016 14:01:19 America/New_York] Uncaught PHP Exception Drupal\Core\Entity\EntityMalformedException: "The "contact_message" entity cannot have a URI as it does not have an ID" at /home/sdsdev/public_html/PTN8/core/lib/Drupal/Core/Entity/Entity.php line 179
[16-Jun-2016 14:11:38 America/New_York] PHP Fatal error:  Call to a member function getViaUri() on null in /home/sdsdev/public_html/PTN8/core/lib/Drupal/Core/File/FileSystem.php on line 125
[16-Jun-2016 14:18:27 America/New_York] Uncaught PHP Exception InvalidArgumentException: "$string ("1") must be a string." at /home/sdsdev/public_html/PTN8/core/lib/Drupal/Core/StringTranslation/TranslatableMarkup.php line 140
[16-Jun-2016 14:19:55 America/New_York] Uncaught PHP Exception InvalidArgumentException: "$string ("1") must be a string." at /home/sdsdev/public_html/PTN8/core/lib/Drupal/Core/StringTranslation/TranslatableMarkup.php line 140
[16-Jun-2016 14:25:28 America/New_York] Uncaught PHP Exception InvalidArgumentException: "$string ("1") must be a string." at /home/sdsdev/public_html/PTN8/core/lib/Drupal/Core/StringTranslation/TranslatableMarkup.php line 140
[16-Jun-2016 14:26:15 America/New_York] Recoverable fatal error: Object of class Drupal\Core\Field\FieldItemList could not be converted to string in /home/sdsdev/public_html/PTN8/core/lib/Drupal/Core/Entity/ContentEntityStorageBase.php on line 652
[17-Jun-2016 01:31:59 America/New_York] Uncaught PHP Exception Symfony\Component\HttpKernel\Exception\HttpException: "The specified #ajax callback is empty or not callable." at /home/sdsdev/public_html/PTN8/core/lib/Drupal/Core/Form/FormAjaxResponseBuilder.php line 67
[17-Jun-2016 01:32:03 America/New_York] Uncaught PHP Exception Symfony\Component\HttpKernel\Exception\HttpException: "The specified #ajax callback is empty or not callable." at /home/sdsdev/public_html/PTN8/core/lib/Drupal/Core/Form/FormAjaxResponseBuilder.php line 67
[17-Jun-2016 01:32:15 America/New_York] Uncaught PHP Exception Symfony\Component\HttpKernel\Exception\HttpException: "The specified #ajax callback is empty or not callable." at /home/sdsdev/public_html/PTN8/core/lib/Drupal/Core/Form/FormAjaxResponseBuilder.php line 67
[17-Jun-2016 14:42:45 America/New_York] Uncaught PHP Exception Symfony\Component\HttpKernel\Exception\HttpException: "The specified #ajax callback is empty or not callable." at /home/sdsdev/public_html/PTN8/core/lib/Drupal/Core/Form/FormAjaxResponseBuilder.php line 67
[08-Jul-2016 17:00:05 America/Chicago] Symfony\Component\DependencyInjection\Exception\ServiceNotFoundException: You have requested a non-existent service "password_migrate". in /home/sdsdev/public_html/PTN8/vendor/symfony/dependency-injection/ContainerBuilder.php on line 819
[08-Jul-2016 17:00:13 America/Chicago] Symfony\Component\DependencyInjection\Exception\ServiceNotFoundException: You have requested a non-existent service "password_migrate". in /home/sdsdev/public_html/PTN8/vendor/symfony/dependency-injection/ContainerBuilder.php on line 819
[08-Jul-2016 17:00:52 America/Chicago] PHP Fatal error:  Uncaught exception 'Symfony\Component\DependencyInjection\Exception\ServiceNotFoundException' with message 'You have requested a non-existent service "password_migrate".' in /home/sdsdev/public_html/PTN8/vendor/symfony/dependency-injection/ContainerBuilder.php:819
Stack trace:
#0 /home/sdsdev/public_html/PTN8/core/modules/user/src/UserServiceProvider.php(22): Symfony\Component\DependencyInjection\ContainerBuilder->getDefinition('password_migrat...')
#1 /home/sdsdev/public_html/PTN8/core/lib/Drupal/Core/DependencyInjection/Compiler/ModifyServiceDefinitionsPass.php(30): Drupal\user\UserServiceProvider->alter(Object(Drupal\Core\DependencyInjection\ContainerBuilder))
#2 /home/sdsdev/public_html/PTN8/vendor/symfony/dependency-injection/Compiler/Compiler.php(107): Drupal\Core\DependencyInjection\Compiler\ModifyServiceDefinitionsPass->process(Object(Drupal\Core\DependencyInjection\ContainerBuilder))
#3 /home/sdsdev/public_html/PTN8/vendor/symfony/dependency-injection/ContainerBuilder.php(593): Symfony\Component\Depe in /home/sdsdev/public_html/PTN8/vendor/symfony/dependency-injection/ContainerBuilder.php on line 819
[08-Jul-2016 17:01:10 America/Chicago] PHP Fatal error:  Uncaught exception 'Symfony\Component\DependencyInjection\Exception\ServiceNotFoundException' with message 'You have requested a non-existent service "password_migrate".' in /home/sdsdev/public_html/PTN8/vendor/symfony/dependency-injection/ContainerBuilder.php:819
Stack trace:
#0 /home/sdsdev/public_html/PTN8/core/modules/user/src/UserServiceProvider.php(22): Symfony\Component\DependencyInjection\ContainerBuilder->getDefinition('password_migrat...')
#1 /home/sdsdev/public_html/PTN8/core/lib/Drupal/Core/DependencyInjection/Compiler/ModifyServiceDefinitionsPass.php(30): Drupal\user\UserServiceProvider->alter(Object(Drupal\Core\DependencyInjection\ContainerBuilder))
#2 /home/sdsdev/public_html/PTN8/vendor/symfony/dependency-injection/Compiler/Compiler.php(107): Drupal\Core\DependencyInjection\Compiler\ModifyServiceDefinitionsPass->process(Object(Drupal\Core\DependencyInjection\ContainerBuilder))
#3 /home/sdsdev/public_html/PTN8/vendor/symfony/dependency-injection/ContainerBuilder.php(593): Symfony\Component\Depe in /home/sdsdev/public_html/PTN8/vendor/symfony/dependency-injection/ContainerBuilder.php on line 819
[08-Jul-2016 17:01:15 America/Chicago] Symfony\Component\DependencyInjection\Exception\ServiceNotFoundException: You have requested a non-existent service "password_migrate". in /home/sdsdev/public_html/PTN8/vendor/symfony/dependency-injection/ContainerBuilder.php on line 819
[08-Jul-2016 17:01:38 America/Chicago] Symfony\Component\DependencyInjection\Exception\ServiceNotFoundException: You have requested a non-existent service "password_migrate". in /home/sdsdev/public_html/PTN8/vendor/symfony/dependency-injection/ContainerBuilder.php on line 819
[08-Jul-2016 17:01:43 America/Chicago] Symfony\Component\DependencyInjection\Exception\ServiceNotFoundException: You have requested a non-existent service "password_migrate". in /home/sdsdev/public_html/PTN8/vendor/symfony/dependency-injection/ContainerBuilder.php on line 819
[08-Jul-2016 17:02:17 America/Chicago] Symfony\Component\DependencyInjection\Exception\ServiceNotFoundException: You have requested a non-existent service "password_migrate". in /home/sdsdev/public_html/PTN8/vendor/symfony/dependency-injection/ContainerBuilder.php on line 819
[08-Jul-2016 17:03:30 America/Chicago] Symfony\Component\DependencyInjection\Exception\ServiceNotFoundException: You have requested a non-existent service "password_migrate". in /home/sdsdev/public_html/PTN8/vendor/symfony/dependency-injection/ContainerBuilder.php on line 819
[08-Jul-2016 17:04:06 America/Chicago] Symfony\Component\DependencyInjection\Exception\ServiceNotFoundException: You have requested a non-existent service "password_migrate". in /home/sdsdev/public_html/PTN8/vendor/symfony/dependency-injection/ContainerBuilder.php on line 819
[08-Jul-2016 17:04:17 America/Chicago] Symfony\Component\DependencyInjection\Exception\ServiceNotFoundException: You have requested a non-existent service "password_migrate". in /home/sdsdev/public_html/PTN8/vendor/symfony/dependency-injection/ContainerBuilder.php on line 819
[14-Sep-2016 12:00:40 America/New_York] PHP Fatal error:  Class 'ZipArchive' not found in /home/sdsdev/public_html/PTN8/core/lib/Drupal/Core/Archiver/Zip.php on line 30
[14-Sep-2016 12:02:37 America/New_York] PHP Fatal error:  Class 'ZipArchive' not found in /home/sdsdev/public_html/PTN8/core/lib/Drupal/Core/Archiver/Zip.php on line 30
[15-Sep-2016 13:19:06 America/New_York] Uncaught PHP Exception Symfony\Component\Routing\Exception\RouteNotFoundException: "Route "view.taxonomy_term.feed_1" does not exist." at /home/sdsdev/public_html/PTN8/core/lib/Drupal/Core/Routing/RouteProvider.php line 187
